Arguments: 
  C:\Program Files\nodejs\node.exe C:\Users\joaog\AppData\Roaming\npm\node_modules\yarn\bin\yarn.js add @babel/core @babel/preset-env @babel/clie -D

PATH: 
  C:\Program Files\PowerShell\7;C:\Program Files (x86)\Common Files\Oracle\Java\javapath;C:\Program Files (x86)\NVIDIA Corporation\PhysX\Common;C:\WINDOWS\system32;C:\WINDOWS;C:\WINDOWS\System32\Wbem;C:\WINDOWS\System32\WindowsPowerShell\v1.0\;C:\WINDOWS\System32\OpenSSH\;C:\MinGW\bin;C:\Users\joaog\AppData\Local\Programs\Hyper;C:\Program Files (x86)\dotnet\;C:\Program Files (x86)\Vim\vim90;C:\Program Files\apache-maven-3.8.6\bin;C:\Program Files\CMake\bin;C:\Arch;C:\Users\joaog\.local\bin\lvim.ps1;C:\Program Files\RedHat\java-1.8.0-openjdk-1.8.0.352-2\bin;C:\Program Files\RedHat\java-1.8.0-openjdk-1.8.0.352-2\jre\bin;C:\ProgramData\chocolatey\bin;C:\Program Files\nodejs\;C:\Users\joaog\AppData\Local\Android\Sdk\tools\bin;C:\Users\joaog\AppData\Local\Android\Sdk\tools;C:\Program Files\PowerShell\7\;C:\Program Files\Git\cmd;C:\Users\joaog\scoop\shims;C:\Users\joaog\.cargo\bin;C:\Users\joaog\AppData\Local\Microsoft\WindowsApps;C:\Users\joaog\AppData\Local\Programs\Microsoft VS Code\bin;C:\Users\joaog\AppData\Local\Programs\Hyper\resources\bin;C:\Users\joaog\AppData\Local\JetBrains\Toolbox\scripts;C:\Users\joaog\AppData\Roaming\npm

Yarn version: 
  1.22.19

Node version: 
  16.18.1

Platform: 
  win32 x64

Trace: 
  Error: https://registry.yarnpkg.com/@babel%2fclie: Not found
      at Request.params.callback [as _callback] (C:\Users\joaog\AppData\Roaming\npm\node_modules\yarn\lib\cli.js:66145:18)
      at Request.self.callback (C:\Users\joaog\AppData\Roaming\npm\node_modules\yarn\lib\cli.js:140890:22)
      at Request.emit (node:events:513:28)
      at Request.<anonymous> (C:\Users\joaog\AppData\Roaming\npm\node_modules\yarn\lib\cli.js:141862:10)
      at Request.emit (node:events:513:28)
      at IncomingMessage.<anonymous> (C:\Users\joaog\AppData\Roaming\npm\node_modules\yarn\lib\cli.js:141784:12)
      at Object.onceWrapper (node:events:627:28)
      at IncomingMessage.emit (node:events:525:35)
      at endReadableNT (node:internal/streams/readable:1358:12)
      at processTicksAndRejections (node:internal/process/task_queues:83:21)

npm manifest: 
  {
    "name": "fundamentos-react",
    "version": "1.0.0",
    "main": "index.js",
    "license": "MIT"
  }

yarn manifest: 
  No manifest

Lockfile: 
  No lockfile
